<?xml version="1.0" encoding="UTF-8"?>
<testsuite xmlns:xsi="http://www.w3.org/2001/XMLSchema-instance" xsi:noNamespaceSchemaLocation="https://maven.apache.org/surefire/maven-surefire-plugin/xsd/surefire-test-report-3.0.xsd" version="3.0" name="TestSuite" time="250.638" tests="4" errors="0" skipped="0" failures="2">
  <properties>
    <property name="java.specification.version" value="17"/>
    <property name="sun.cpu.isalist" value="amd64"/>
    <property name="sun.jnu.encoding" value="Cp1252"/>
    <property name="java.class.path" value="C:\Appium-Mobile Automation\QM_Appium\target\test-classes;C:\Appium-Mobile Automation\QM_Appium\target\classes;C:\Users\Mallepally-Sowmya\.m2\repository\org\slf4j\slf4j-log4j12\1.7.5\slf4j-log4j12-1.7.5.jar;C:\Users\Mallepally-Sowmya\.m2\repository\org\slf4j\slf4j-api\1.7.5\slf4j-api-1.7.5.jar;C:\Users\Mallepally-Sowmya\.m2\repository\log4j\log4j\1.2.17\log4j-1.2.17.jar;C:\Users\Mallepally-Sowmya\.m2\repository\org\freemarker\freemarker\2.3.32\freemarker-2.3.32.jar;C:\Users\Mallepally-Sowmya\.m2\repository\io\appium\java-client\8.3.0\java-client-8.3.0.jar;C:\Users\Mallepally-Sowmya\.m2\repository\org\seleniumhq\selenium\selenium-api\4.9.1\selenium-api-4.9.1.jar;C:\Users\Mallepally-Sowmya\.m2\repository\org\seleniumhq\selenium\selenium-remote-driver\4.9.1\selenium-remote-driver-4.9.1.jar;C:\Users\Mallepally-Sowmya\.m2\repository\com\google\auto\service\auto-service-annotations\1.0.1\auto-service-annotations-1.0.1.jar;C:\Users\Mallepally-Sowmya\.m2\repository\com\google\auto\service\auto-service\1.0.1\auto-service-1.0.1.jar;C:\Users\Mallepally-Sowmya\.m2\repository\com\google\auto\auto-common\1.2\auto-common-1.2.jar;C:\Users\Mallepally-Sowmya\.m2\repository\io\netty\netty-buffer\4.1.91.Final\netty-buffer-4.1.91.Final.jar;C:\Users\Mallepally-Sowmya\.m2\repository\io\netty\netty-codec-http\4.1.91.Final\netty-codec-http-4.1.91.Final.jar;C:\Users\Mallepally-Sowmya\.m2\repository\io\netty\netty-codec\4.1.91.Final\netty-codec-4.1.91.Final.jar;C:\Users\Mallepally-Sowmya\.m2\repository\io\netty\netty-handler\4.1.91.Final\netty-handler-4.1.91.Final.jar;C:\Users\Mallepally-Sowmya\.m2\repository\io\netty\netty-common\4.1.91.Final\netty-common-4.1.91.Final.jar;C:\Users\Mallepally-Sowmya\.m2\repository\io\netty\netty-transport-classes-epoll\4.1.91.Final\netty-transport-classes-epoll-4.1.91.Final.jar;C:\Users\Mallepally-Sowmya\.m2\repository\io\netty\netty-transport-classes-kqueue\4.1.91.Final\netty-transport-classes-kqueue-4.1.91.Final.jar;C:\Users\Mallepally-Sowmya\.m2\repository\io\netty\netty-transport-native-epoll\4.1.91.Final\netty-transport-native-epoll-4.1.91.Final.jar;C:\Users\Mallepally-Sowmya\.m2\repository\io\netty\netty-transport-native-kqueue\4.1.91.Final\netty-transport-native-kqueue-4.1.91.Final.jar;C:\Users\Mallepally-Sowmya\.m2\repository\io\netty\netty-transport-native-unix-common\4.1.91.Final\netty-transport-native-unix-common-4.1.91.Final.jar;C:\Users\Mallepally-Sowmya\.m2\repository\io\netty\netty-transport\4.1.91.Final\netty-transport-4.1.91.Final.jar;C:\Users\Mallepally-Sowmya\.m2\repository\io\netty\netty-resolver\4.1.91.Final\netty-resolver-4.1.91.Final.jar;C:\Users\Mallepally-Sowmya\.m2\repository\io\opentelemetry\opentelemetry-api\1.25.0\opentelemetry-api-1.25.0.jar;C:\Users\Mallepally-Sowmya\.m2\repository\io\opentelemetry\opentelemetry-context\1.25.0\opentelemetry-context-1.25.0.jar;C:\Users\Mallepally-Sowmya\.m2\repository\io\opentelemetry\opentelemetry-exporter-logging\1.25.0\opentelemetry-exporter-logging-1.25.0.jar;C:\Users\Mallepally-Sowmya\.m2\repository\io\opentelemetry\opentelemetry-sdk-metrics\1.25.0\opentelemetry-sdk-metrics-1.25.0.jar;C:\Users\Mallepally-Sowmya\.m2\repository\io\opentelemetry\opentelemetry-sdk-logs\1.25.0-alpha\opentelemetry-sdk-logs-1.25.0-alpha.jar;C:\Users\Mallepally-Sowmya\.m2\repository\io\opentelemetry\opentelemetry-api-logs\1.25.0-alpha\opentelemetry-api-logs-1.25.0-alpha.jar;C:\Users\Mallepally-Sowmya\.m2\repository\io\opentelemetry\opentelemetry-api-events\1.25.0-alpha\opentelemetry-api-events-1.25.0-alpha.jar;C:\Users\Mallepally-Sowmya\.m2\repository\io\opentelemetry\opentelemetry-sdk-common\1.25.0\opentelemetry-sdk-common-1.25.0.jar;C:\Users\Mallepally-Sowmya\.m2\repository\io\opentelemetry\opentelemetry-sdk-extension-autoconfigure-spi\1.25.0\opentelemetry-sdk-extension-autoconfigure-spi-1.25.0.jar;C:\Users\Mallepally-Sowmya\.m2\repository\io\opentelemetry\opentelemetry-sdk-extension-autoconfigure\1.25.0-alpha\opentelemetry-sdk-extension-autoconfigure-1.25.0-alpha.jar;C:\Users\Mallepally-Sowmya\.m2\repository\io\opentelemetry\opentelemetry-sdk-trace\1.25.0\opentelemetry-sdk-trace-1.25.0.jar;C:\Users\Mallepally-Sowmya\.m2\repository\io\opentelemetry\opentelemetry-sdk\1.25.0\opentelemetry-sdk-1.25.0.jar;C:\Users\Mallepally-Sowmya\.m2\repository\io\opentelemetry\opentelemetry-semconv\1.25.0-alpha\opentelemetry-semconv-1.25.0-alpha.jar;C:\Users\Mallepally-Sowmya\.m2\repository\io\ous\jtoml\2.0.0\jtoml-2.0.0.jar;C:\Users\Mallepally-Sowmya\.m2\repository\net\bytebuddy\byte-buddy\1.14.4\byte-buddy-1.14.4.jar;C:\Users\Mallepally-Sowmya\.m2\repository\org\apache\commons\commons-exec\1.3\commons-exec-1.3.jar;C:\Users\Mallepally-Sowmya\.m2\repository\org\asynchttpclient\async-http-client\2.12.3\async-http-client-2.12.3.jar;C:\Users\Mallepally-Sowmya\.m2\repository\org\asynchttpclient\async-http-client-netty-utils\2.12.3\async-http-client-netty-utils-2.12.3.jar;C:\Users\Mallepally-Sowmya\.m2\repository\io\netty\netty-codec-socks\4.1.60.Final\netty-codec-socks-4.1.60.Final.jar;C:\Users\Mallepally-Sowmya\.m2\repository\io\netty\netty-handler-proxy\4.1.60.Final\netty-handler-proxy-4.1.60.Final.jar;C:\Users\Mallepally-Sowmya\.m2\repository\io\netty\netty-transport-native-epoll\4.1.60.Final\netty-transport-native-epoll-4.1.60.Final-linux-x86_64.jar;C:\Users\Mallepally-Sowmya\.m2\repository\io\netty\netty-transport-native-kqueue\4.1.60.Final\netty-transport-native-kqueue-4.1.60.Final-osx-x86_64.jar;C:\Users\Mallepally-Sowmya\.m2\repository\com\typesafe\netty\netty-reactive-streams\2.0.4\netty-reactive-streams-2.0.4.jar;C:\Users\Mallepally-Sowmya\.m2\repository\com\sun\activation\jakarta.activation\1.2.2\jakarta.activation-1.2.2.jar;C:\Users\Mallepally-Sowmya\.m2\repository\org\seleniumhq\selenium\selenium-http\4.9.1\selenium-http-4.9.1.jar;C:\Users\Mallepally-Sowmya\.m2\repository\dev\failsafe\failsafe\3.3.1\failsafe-3.3.1.jar;C:\Users\Mallepally-Sowmya\.m2\repository\org\seleniumhq\selenium\selenium-json\4.9.1\selenium-json-4.9.1.jar;C:\Users\Mallepally-Sowmya\.m2\repository\org\seleniumhq\selenium\selenium-manager\4.9.1\selenium-manager-4.9.1.jar;C:\Users\Mallepally-Sowmya\.m2\repository\org\seleniumhq\selenium\selenium-support\4.9.1\selenium-support-4.9.1.jar;C:\Users\Mallepally-Sowmya\.m2\repository\com\google\code\gson\gson\2.10\gson-2.10.jar;C:\Users\Mallepally-Sowmya\.m2\repository\cglib\cglib\3.3.0\cglib-3.3.0.jar;C:\Users\Mallepally-Sowmya\.m2\repository\org\ow2\asm\asm\7.1\asm-7.1.jar;C:\Users\Mallepally-Sowmya\.m2\repository\commons-validator\commons-validator\1.7\commons-validator-1.7.jar;C:\Users\Mallepally-Sowmya\.m2\repository\commons-digester\commons-digester\2.1\commons-digester-2.1.jar;C:\Users\Mallepally-Sowmya\.m2\repository\commons-logging\commons-logging\1.2\commons-logging-1.2.jar;C:\Users\Mallepally-Sowmya\.m2\repository\org\apache\commons\commons-lang3\3.12.0\commons-lang3-3.12.0.jar;C:\Users\Mallepally-Sowmya\.m2\repository\commons-io\commons-io\2.11.0\commons-io-2.11.0.jar;C:\Users\Mallepally-Sowmya\.m2\repository\com\codoid\products\fillo\1.18\fillo-1.18.jar;C:\Users\Mallepally-Sowmya\.m2\repository\org\seleniumhq\selenium\selenium-java\4.8.3\selenium-java-4.8.3.jar;C:\Users\Mallepally-Sowmya\.m2\repository\org\seleniumhq\selenium\selenium-chrome-driver\4.8.3\selenium-chrome-driver-4.8.3.jar;C:\Users\Mallepally-Sowmya\.m2\repository\org\seleniumhq\selenium\selenium-chromium-driver\4.8.3\selenium-chromium-driver-4.8.3.jar;C:\Users\Mallepally-Sowmya\.m2\repository\org\seleniumhq\selenium\selenium-devtools-v109\4.8.3\selenium-devtools-v109-4.8.3.jar;C:\Users\Mallepally-Sowmya\.m2\repository\org\seleniumhq\selenium\selenium-devtools-v110\4.8.3\selenium-devtools-v110-4.8.3.jar;C:\Users\Mallepally-Sowmya\.m2\repository\org\seleniumhq\selenium\selenium-devtools-v111\4.8.3\selenium-devtools-v111-4.8.3.jar;C:\Users\Mallepally-Sowmya\.m2\repository\org\seleniumhq\selenium\selenium-devtools-v85\4.8.3\selenium-devtools-v85-4.8.3.jar;C:\Users\Mallepally-Sowmya\.m2\repository\org\seleniumhq\selenium\selenium-edge-driver\4.8.3\selenium-edge-driver-4.8.3.jar;C:\Users\Mallepally-Sowmya\.m2\repository\org\seleniumhq\selenium\selenium-firefox-driver\4.8.3\selenium-firefox-driver-4.8.3.jar;C:\Users\Mallepally-Sowmya\.m2\repository\org\seleniumhq\selenium\selenium-ie-driver\4.8.3\selenium-ie-driver-4.8.3.jar;C:\Users\Mallepally-Sowmya\.m2\repository\org\seleniumhq\selenium\selenium-safari-driver\4.8.3\selenium-safari-driver-4.8.3.jar;C:\Users\Mallepally-Sowmya\.m2\repository\com\beust\jcommander\1.82\jcommander-1.82.jar;C:\Users\Mallepally-Sowmya\.m2\repository\org\testng\testng\7.7.1\testng-7.7.1.jar;C:\Users\Mallepally-Sowmya\.m2\repository\org\webjars\jquery\3.6.1\jquery-3.6.1.jar;C:\Users\Mallepally-Sowmya\.m2\repository\org\projectlombok\lombok\1.18.26\lombok-1.18.26.jar;C:\Users\Mallepally-Sowmya\.m2\repository\com\jayway\jsonpath\json-path\2.8.0\json-path-2.8.0.jar;C:\Users\Mallepally-Sowmya\.m2\repository\net\minidev\json-smart\2.4.10\json-smart-2.4.10.jar;C:\Users\Mallepally-Sowmya\.m2\repository\net\minidev\accessors-smart\2.4.9\accessors-smart-2.4.9.jar;C:\Users\Mallepally-Sowmya\.m2\repository\io\basc\framework\log4j2\1.8.3\log4j2-1.8.3.jar;C:\Users\Mallepally-Sowmya\.m2\repository\io\basc\framework\core\1.8.3\core-1.8.3.jar;C:\Users\Mallepally-Sowmya\.m2\repository\org\apache\logging\log4j\log4j-slf4j-impl\2.17.2\log4j-slf4j-impl-2.17.2.jar;C:\Users\Mallepally-Sowmya\.m2\repository\net\thucydides\thucydides-core\0.9.275\thucydides-core-0.9.275.jar;C:\Users\Mallepally-Sowmya\.m2\repository\com\fasterxml\jackson\core\jackson-core\2.4.3\jackson-core-2.4.3.jar;C:\Users\Mallepally-Sowmya\.m2\repository\com\fasterxml\jackson\core\jackson-annotations\2.4.3\jackson-annotations-2.4.3.jar;C:\Users\Mallepally-Sowmya\.m2\repository\com\fasterxml\jackson\core\jackson-databind\2.4.3\jackson-databind-2.4.3.jar;C:\Users\Mallepally-Sowmya\.m2\repository\com\fasterxml\jackson\datatype\jackson-datatype-joda\2.4.3\jackson-datatype-joda-2.4.3.jar;C:\Users\Mallepally-Sowmya\.m2\repository\com\fasterxml\jackson\datatype\jackson-datatype-guava\2.4.3\jackson-datatype-guava-2.4.3.jar;C:\Users\Mallepally-Sowmya\.m2\repository\commons-codec\commons-codec\1.9\commons-codec-1.9.jar;C:\Users\Mallepally-Sowmya\.m2\repository\junit\junit\4.11\junit-4.11.jar;C:\Users\Mallepally-Sowmya\.m2\repository\com\opera\operadriver\1.4\operadriver-1.4.jar;C:\Users\Mallepally-Sowmya\.m2\repository\com\opera\operalaunchers\1.1\operalaunchers-1.1.jar;C:\Users\Mallepally-Sowmya\.m2\repository\com\google\protobuf\protobuf-java\2.4.1\protobuf-java-2.4.1.jar;C:\Users\Mallepally-Sowmya\.m2\repository\commons-jxpath\commons-jxpath\1.3\commons-jxpath-1.3.jar;C:\Users\Mallepally-Sowmya\.m2\repository\org\ini4j\ini4j\0.5.2\ini4j-0.5.2.jar;C:\Users\Mallepally-Sowmya\.m2\repository\org\seleniumhq\selenium\selenium-server\2.43.1\selenium-server-2.43.1.jar;C:\Users\Mallepally-Sowmya\.m2\repository\org\bouncycastle\bcprov-jdk15on\1.48\bcprov-jdk15on-1.48.jar;C:\Users\Mallepally-Sowmya\.m2\repository\org\bouncycastle\bcpkix-jdk15on\1.48\bcpkix-jdk15on-1.48.jar;C:\Users\Mallepally-Sowmya\.m2\repository\mx4j\mx4j-tools\3.0.1\mx4j-tools-3.0.1.jar;C:\Users\Mallepally-Sowmya\.m2\repository\org\mortbay\jetty\servlet-api-2.5\6.1.9\servlet-api-2.5-6.1.9.jar;C:\Users\Mallepally-Sowmya\.m2\repository\org\seleniumhq\selenium\jetty-repacked\7.6.1\jetty-repacked-7.6.1.jar;C:\Users\Mallepally-Sowmya\.m2\repository\org\seleniumhq\selenium\jetty-rc-repacked\5\jetty-rc-repacked-5.jar;C:\Users\Mallepally-Sowmya\.m2\repository\net\jcip\jcip-annotations\1.0\jcip-annotations-1.0.jar;C:\Users\Mallepally-Sowmya\.m2\repository\org\yaml\snakeyaml\1.8\snakeyaml-1.8.jar;C:\Users\Mallepally-Sowmya\.m2\repository\com\github\detro\ghostdriver\phantomjsdriver\1.1.0\phantomjsdriver-1.1.0.jar;C:\Users\Mallepally-Sowmya\.m2\repository\org\hamcrest\hamcrest-integration\1.3\hamcrest-integration-1.3.jar;C:\Users\Mallepally-Sowmya\.m2\repository\org\hamcrest\hamcrest-library\1.3\hamcrest-library-1.3.jar;C:\Users\Mallepally-Sowmya\.m2\repository\org\hamcrest\hamcrest-core\1.3\hamcrest-core-1.3.jar;C:\Users\Mallepally-Sowmya\.m2\repository\net\sf\opencsv\opencsv\2.0\opencsv-2.0.jar;C:\Users\Mallepally-Sowmya\.m2\repository\commons-beanutils\commons-beanutils-core\1.8.3\commons-beanutils-core-1.8.3.jar;C:\Users\Mallepally-Sowmya\.m2\repository\com\googlecode\lambdaj\lambdaj\2.3.3\lambdaj-2.3.3.jar;C:\Users\Mallepally-Sowmya\.m2\repository\org\objenesis\objenesis\1.2\objenesis-1.2.jar;C:\Users\Mallepally-Sowmya\.m2\repository\joda-time\joda-time\2.0\joda-time-2.0.jar;C:\Users\Mallepally-Sowmya\.m2\repository\com\thoughtworks\xstream\xstream\1.4.1\xstream-1.4.1.jar;C:\Users\Mallepally-Sowmya\.m2\repository\xmlpull\xmlpull\1.1.3.1\xmlpull-1.1.3.1.jar;C:\Users\Mallepally-Sowmya\.m2\repository\xpp3\xpp3_min\1.1.4c\xpp3_min-1.1.4c.jar;C:\Users\Mallepally-Sowmya\.m2\repository\net\thucydides\thucydides-report-resources\0.9.275\thucydides-report-resources-0.9.275.jar;C:\Users\Mallepally-Sowmya\.m2\repository\net\sf\flexjson\flexjson\2.1\flexjson-2.1.jar;C:\Users\Mallepally-Sowmya\.m2\repository\net\sourceforge\jexcelapi\jxl\2.6.12\jxl-2.6.12.jar;C:\Users\Mallepally-Sowmya\.m2\repository\asm\asm\3.3.1\asm-3.3.1.jar;C:\Users\Mallepally-Sowmya\.m2\repository\commons-collections\commons-collections\3.2.1\commons-collections-3.2.1.jar;C:\Users\Mallepally-Sowmya\.m2\repository\org\fluentlenium\fluentlenium-core\0.10.2\fluentlenium-core-0.10.2.jar;C:\Users\Mallepally-Sowmya\.m2\repository\xml-apis\xml-apis\1.4.01\xml-apis-1.4.01.jar;C:\Users\Mallepally-Sowmya\.m2\repository\com\jhlabs\filters\2.0.235\filters-2.0.235.jar;C:\Users\Mallepally-Sowmya\.m2\repository\org\asciidoctor\asciidoctor-java-integration\0.1.3\asciidoctor-java-integration-0.1.3.jar;C:\Users\Mallepally-Sowmya\.m2\repository\org\jruby\jruby-complete\1.7.4\jruby-complete-1.7.4.jar;C:\Users\Mallepally-Sowmya\.m2\repository\org\hibernate\hibernate-validator\5.1.1.Final\hibernate-validator-5.1.1.Final.jar;C:\Users\Mallepally-Sowmya\.m2\repository\javax\validation\validation-api\1.1.0.Final\validation-api-1.1.0.Final.jar;C:\Users\Mallepally-Sowmya\.m2\repository\org\jboss\logging\jboss-logging\3.1.3.GA\jboss-logging-3.1.3.GA.jar;C:\Users\Mallepally-Sowmya\.m2\repository\com\fasterxml\classmate\1.0.0\classmate-1.0.0.jar;C:\Users\Mallepally-Sowmya\.m2\repository\javax\el\javax.el-api\2.2.4\javax.el-api-2.2.4.jar;C:\Users\Mallepally-Sowmya\.m2\repository\org\glassfish\web\javax.el\2.2.4\javax.el-2.2.4.jar;C:\Users\Mallepally-Sowmya\.m2\repository\org\json\json\20230227\json-20230227.jar;C:\Users\Mallepally-Sowmya\.m2\repository\com\google\inject\guice\5.1.0\guice-5.1.0.jar;C:\Users\Mallepally-Sowmya\.m2\repository\javax\inject\javax.inject\1\javax.inject-1.jar;C:\Users\Mallepally-Sowmya\.m2\repository\aopalliance\aopalliance\1.0\aopalliance-1.0.jar;C:\Users\Mallepally-Sowmya\.m2\repository\com\googlecode\json-simple\json-simple\1.1.1\json-simple-1.1.1.jar;C:\Users\Mallepally-Sowmya\.m2\repository\org\apache\commons\commons-csv\1.10.0\commons-csv-1.10.0.jar;C:\Users\Mallepally-Sowmya\.m2\repository\org\apache\logging\log4j\log4j-core\2.20.0\log4j-core-2.20.0.jar;C:\Users\Mallepally-Sowmya\.m2\repository\org\apache\logging\log4j\log4j-api\2.20.0\log4j-api-2.20.0.jar;C:\Users\Mallepally-Sowmya\.m2\repository\org\apache\poi\poi\5.2.3\poi-5.2.3.jar;C:\Users\Mallepally-Sowmya\.m2\repository\org\apache\commons\commons-collections4\4.4\commons-collections4-4.4.jar;C:\Users\Mallepally-Sowmya\.m2\repository\org\apache\commons\commons-math3\3.6.1\commons-math3-3.6.1.jar;C:\Users\Mallepally-Sowmya\.m2\repository\com\zaxxer\SparseBitSet\1.2\SparseBitSet-1.2.jar;C:\Users\Mallepally-Sowmya\.m2\repository\org\apache\poi\poi-ooxml\5.2.3\poi-ooxml-5.2.3.jar;C:\Users\Mallepally-Sowmya\.m2\repository\org\apache\poi\poi-ooxml-lite\5.2.3\poi-ooxml-lite-5.2.3.jar;C:\Users\Mallepally-Sowmya\.m2\repository\org\apache\xmlbeans\xmlbeans\5.1.1\xmlbeans-5.1.1.jar;C:\Users\Mallepally-Sowmya\.m2\repository\org\apache\commons\commons-compress\1.21\commons-compress-1.21.jar;C:\Users\Mallepally-Sowmya\.m2\repository\com\github\virtuald\curvesapi\1.07\curvesapi-1.07.jar;C:\Users\Mallepally-Sowmya\.m2\repository\com\aventstack\extentreports\5.0.9\extentreports-5.0.9.jar;C:\Users\Mallepally-Sowmya\.m2\repository\io\reactivex\rxjava3\rxjava\3.0.4\rxjava-3.0.4.jar;C:\Users\Mallepally-Sowmya\.m2\repository\org\reactivestreams\reactive-streams\1.0.3\reactive-streams-1.0.3.jar;C:\Users\Mallepally-Sowmya\.m2\repository\com\opencsv\opencsv\5.7.1\opencsv-5.7.1.jar;C:\Users\Mallepally-Sowmya\.m2\repository\org\apache\commons\commons-text\1.10.0\commons-text-1.10.0.jar;C:\Users\Mallepally-Sowmya\.m2\repository\commons-beanutils\commons-beanutils\1.9.4\commons-beanutils-1.9.4.jar;C:\Users\Mallepally-Sowmya\.m2\repository\com\github\2gis\winium\winium-webdriver\0.1.0-1\winium-webdriver-0.1.0-1.jar;C:\Users\Mallepally-Sowmya\.m2\repository\io\github\bonigarcia\webdrivermanager\5.3.2\webdrivermanager-5.3.2.jar;C:\Users\Mallepally-Sowmya\.m2\repository\com\github\docker-java\docker-java\3.2.14\docker-java-3.2.14.jar;C:\Users\Mallepally-Sowmya\.m2\repository\com\github\docker-java\docker-java-core\3.2.14\docker-java-core-3.2.14.jar;C:\Users\Mallepally-Sowmya\.m2\repository\com\github\docker-java\docker-java-api\3.2.14\docker-java-api-3.2.14.jar;C:\Users\Mallepally-Sowmya\.m2\repository\org\slf4j\jcl-over-slf4j\1.7.30\jcl-over-slf4j-1.7.30.jar;C:\Users\Mallepally-Sowmya\.m2\repository\com\github\docker-java\docker-java-transport-httpclient5\3.2.14\docker-java-transport-httpclient5-3.2.14.jar;C:\Users\Mallepally-Sowmya\.m2\repository\com\github\docker-java\docker-java-transport\3.2.14\docker-java-transport-3.2.14.jar;C:\Users\Mallepally-Sowmya\.m2\repository\net\java\dev\jna\jna\5.12.1\jna-5.12.1.jar;C:\Users\Mallepally-Sowmya\.m2\repository\org\brotli\dec\0.1.2\dec-0.1.2.jar;C:\Users\Mallepally-Sowmya\.m2\repository\org\apache\httpcomponents\client5\httpclient5\5.2.1\httpclient5-5.2.1.jar;C:\Users\Mallepally-Sowmya\.m2\repository\org\apache\httpcomponents\core5\httpcore5\5.2\httpcore5-5.2.jar;C:\Users\Mallepally-Sowmya\.m2\repository\org\apache\httpcomponents\core5\httpcore5-h2\5.2\httpcore5-h2-5.2.jar;C:\Users\Mallepally-Sowmya\.m2\repository\com\browserstack\browserstack-local-java\1.0.7\browserstack-local-java-1.0.7.jar;C:\Users\Mallepally-Sowmya\.m2\repository\org\apache\maven\plugins\maven-compiler-plugin\3.11.0\maven-compiler-plugin-3.11.0.jar;C:\Users\Mallepally-Sowmya\.m2\repository\org\apache\maven\shared\maven-shared-utils\3.3.4\maven-shared-utils-3.3.4.jar;C:\Users\Mallepally-Sowmya\.m2\repository\org\apache\maven\shared\maven-shared-incremental\1.1\maven-shared-incremental-1.1.jar;C:\Users\Mallepally-Sowmya\.m2\repository\org\codehaus\plexus\plexus-component-annotations\1.5.5\plexus-component-annotations-1.5.5.jar;C:\Users\Mallepally-Sowmya\.m2\repository\org\codehaus\plexus\plexus-java\1.1.2\plexus-java-1.1.2.jar;C:\Users\Mallepally-Sowmya\.m2\repository\com\thoughtworks\qdox\qdox\2.0.3\qdox-2.0.3.jar;C:\Users\Mallepally-Sowmya\.m2\repository\org\codehaus\plexus\plexus-compiler-api\2.13.0\plexus-compiler-api-2.13.0.jar;C:\Users\Mallepally-Sowmya\.m2\repository\org\codehaus\plexus\plexus-utils\3.4.2\plexus-utils-3.4.2.jar;C:\Users\Mallepally-Sowmya\.m2\repository\org\codehaus\plexus\plexus-compiler-manager\2.13.0\plexus-compiler-manager-2.13.0.jar;C:\Users\Mallepally-Sowmya\.m2\repository\org\codehaus\plexus\plexus-compiler-javac\2.13.0\plexus-compiler-javac-2.13.0.jar;C:\Users\Mallepally-Sowmya\.m2\repository\io\github\simple4tests\interactions-webdriver\1.3.0\interactions-webdriver-1.3.0.jar;C:\Users\Mallepally-Sowmya\.m2\repository\com\google\guava\guava\31.1-jre\guava-31.1-jre.jar;C:\Users\Mallepally-Sowmya\.m2\repository\com\google\guava\failureaccess\1.0.1\failureaccess-1.0.1.jar;C:\Users\Mallepally-Sowmya\.m2\repository\com\google\guava\listenablefuture\9999.0-empty-to-avoid-conflict-with-guava\listenablefuture-9999.0-empty-to-avoid-conflict-with-guava.jar;C:\Users\Mallepally-Sowmya\.m2\repository\com\google\code\findbugs\jsr305\3.0.2\jsr305-3.0.2.jar;C:\Users\Mallepally-Sowmya\.m2\repository\org\checkerframework\checker-qual\3.12.0\checker-qual-3.12.0.jar;C:\Users\Mallepally-Sowmya\.m2\repository\com\google\errorprone\error_prone_annotations\2.11.0\error_prone_annotations-2.11.0.jar;C:\Users\Mallepally-Sowmya\.m2\repository\com\google\j2objc\j2objc-annotations\1.3\j2objc-annotations-1.3.jar;C:\Users\Mallepally-Sowmya\.m2\repository\org\apache\maven\plugins\maven-surefire-plugin\3.1.0\maven-surefire-plugin-3.1.0.jar;C:\Users\Mallepally-Sowmya\.m2\repository\org\apache\maven\surefire\maven-surefire-common\3.1.0\maven-surefire-common-3.1.0.jar;C:\Users\Mallepally-Sowmya\.m2\repository\org\apache\maven\surefire\surefire-api\3.1.0\surefire-api-3.1.0.jar;C:\Users\Mallepally-Sowmya\.m2\repository\org\apache\maven\surefire\surefire-logger-api\3.1.0\surefire-logger-api-3.1.0.jar;C:\Users\Mallepally-Sowmya\.m2\repository\org\apache\maven\surefire\surefire-extensions-api\3.1.0\surefire-extensions-api-3.1.0.jar;C:\Users\Mallepally-Sowmya\.m2\repository\org\apache\maven\surefire\surefire-booter\3.1.0\surefire-booter-3.1.0.jar;C:\Users\Mallepally-Sowmya\.m2\repository\org\apache\maven\surefire\surefire-extensions-spi\3.1.0\surefire-extensions-spi-3.1.0.jar;C:\Users\Mallepally-Sowmya\.m2\repository\org\eclipse\aether\aether-util\1.0.0.v20140518\aether-util-1.0.0.v20140518.jar;C:\Users\Mallepally-Sowmya\.m2\repository\org\eclipse\aether\aether-api\1.0.0.v20140518\aether-api-1.0.0.v20140518.jar;C:\Users\Mallepally-Sowmya\.m2\repository\org\apache\maven\shared\maven-common-artifact-filters\3.1.1\maven-common-artifact-filters-3.1.1.jar;C:\Users\Mallepally-Sowmya\.m2\repository\org\apache\maven\maven-artifact\3.1.0\maven-artifact-3.1.0.jar;C:\Users\Mallepally-Sowmya\.m2\repository\org\apache\maven\maven-core\3.1.0\maven-core-3.1.0.jar;C:\Users\Mallepally-Sowmya\.m2\repository\org\apache\maven\maven-settings\3.1.0\maven-settings-3.1.0.jar;C:\Users\Mallepally-Sowmya\.m2\repository\org\apache\maven\maven-settings-builder\3.1.0\maven-settings-builder-3.1.0.jar;C:\Users\Mallepally-Sowmya\.m2\repository\org\apache\maven\maven-repository-metadata\3.1.0\maven-repository-metadata-3.1.0.jar;C:\Users\Mallepally-Sowmya\.m2\repository\org\apache\maven\maven-model-builder\3.1.0\maven-model-builder-3.1.0.jar;C:\Users\Mallepally-Sowmya\.m2\repository\org\apache\maven\maven-aether-provider\3.1.0\maven-aether-provider-3.1.0.jar;C:\Users\Mallepally-Sowmya\.m2\repository\org\eclipse\aether\aether-spi\0.9.0.M2\aether-spi-0.9.0.M2.jar;C:\Users\Mallepally-Sowmya\.m2\repository\org\eclipse\aether\aether-impl\0.9.0.M2\aether-impl-0.9.0.M2.jar;C:\Users\Mallepally-Sowmya\.m2\repository\org\eclipse\sisu\org.eclipse.sisu.plexus\0.0.0.M2a\org.eclipse.sisu.plexus-0.0.0.M2a.jar;C:\Users\Mallepally-Sowmya\.m2\repository\javax\enterprise\cdi-api\1.0\cdi-api-1.0.jar;C:\Users\Mallepally-Sowmya\.m2\repository\javax\annotation\jsr250-api\1.0\jsr250-api-1.0.jar;C:\Users\Mallepally-Sowmya\.m2\repository\org\sonatype\sisu\sisu-guice\3.1.0\sisu-guice-3.1.0-no_aop.jar;C:\Users\Mallepally-Sowmya\.m2\repository\org\eclipse\sisu\org.eclipse.sisu.inject\0.0.0.M2a\org.eclipse.sisu.inject-0.0.0.M2a.jar;C:\Users\Mallepally-Sowmya\.m2\repository\org\codehaus\plexus\plexus-interpolation\1.16\plexus-interpolation-1.16.jar;C:\Users\Mallepally-Sowmya\.m2\repository\org\codehaus\plexus\plexus-classworlds\2.4.2\plexus-classworlds-2.4.2.jar;C:\Users\Mallepally-Sowmya\.m2\repository\org\sonatype\plexus\plexus-sec-dispatcher\1.3\plexus-sec-dispatcher-1.3.jar;C:\Users\Mallepally-Sowmya\.m2\repository\org\sonatype\plexus\plexus-cipher\1.4\plexus-cipher-1.4.jar;C:\Users\Mallepally-Sowmya\.m2\repository\org\apache\maven\maven-plugin-api\3.1.0\maven-plugin-api-3.1.0.jar;C:\Users\Mallepally-Sowmya\.m2\repository\org\apache\maven\surefire\surefire-shared-utils\3.1.0\surefire-shared-utils-3.1.0.jar;"/>
    <property name="java.vm.vendor" value="Oracle Corporation"/>
    <property name="sun.arch.data.model" value="64"/>
    <property name="user.variant" value=""/>
    <property name="java.vendor.url" value="https://java.oracle.com/"/>
    <property name="user.timezone" value="Asia/Calcutta"/>
    <property name="os.name" value="Windows 11"/>
    <property name="java.vm.specification.version" value="17"/>
    <property name="sun.java.launcher" value="SUN_STANDARD"/>
    <property name="user.country" value="IN"/>
    <property name="sun.boot.library.path" value="C:\Program Files\Java\jdk-17.0.4\bin"/>
    <property name="sun.java.command" value="C:\Users\Mallepally-Sowmya\AppData\Local\Temp\surefire9310363116616913751\surefirebooter-20230518141410544_3.jar C:\Users\Mallepally-Sowmya\AppData\Local\Temp\surefire9310363116616913751 2023-05-18T14-14-09_316-jvmRun1 surefire-20230518141410544_1tmp surefire_0-20230518141410544_2tmp"/>
    <property name="jdk.debug" value="release"/>
    <property name="surefire.test.class.path" value="C:\Appium-Mobile Automation\QM_Appium\target\test-classes;C:\Appium-Mobile Automation\QM_Appium\target\classes;C:\Users\Mallepally-Sowmya\.m2\repository\org\slf4j\slf4j-log4j12\1.7.5\slf4j-log4j12-1.7.5.jar;C:\Users\Mallepally-Sowmya\.m2\repository\org\slf4j\slf4j-api\1.7.5\slf4j-api-1.7.5.jar;C:\Users\Mallepally-Sowmya\.m2\repository\log4j\log4j\1.2.17\log4j-1.2.17.jar;C:\Users\Mallepally-Sowmya\.m2\repository\org\freemarker\freemarker\2.3.32\freemarker-2.3.32.jar;C:\Users\Mallepally-Sowmya\.m2\repository\io\appium\java-client\8.3.0\java-client-8.3.0.jar;C:\Users\Mallepally-Sowmya\.m2\repository\org\seleniumhq\selenium\selenium-api\4.9.1\selenium-api-4.9.1.jar;C:\Users\Mallepally-Sowmya\.m2\repository\org\seleniumhq\selenium\selenium-remote-driver\4.9.1\selenium-remote-driver-4.9.1.jar;C:\Users\Mallepally-Sowmya\.m2\repository\com\google\auto\service\auto-service-annotations\1.0.1\auto-service-annotations-1.0.1.jar;C:\Users\Mallepally-Sowmya\.m2\repository\com\google\auto\service\auto-service\1.0.1\auto-service-1.0.1.jar;C:\Users\Mallepally-Sowmya\.m2\repository\com\google\auto\auto-common\1.2\auto-common-1.2.jar;C:\Users\Mallepally-Sowmya\.m2\repository\io\netty\netty-buffer\4.1.91.Final\netty-buffer-4.1.91.Final.jar;C:\Users\Mallepally-Sowmya\.m2\repository\io\netty\netty-codec-http\4.1.91.Final\netty-codec-http-4.1.91.Final.jar;C:\Users\Mallepally-Sowmya\.m2\repository\io\netty\netty-codec\4.1.91.Final\netty-codec-4.1.91.Final.jar;C:\Users\Mallepally-Sowmya\.m2\repository\io\netty\netty-handler\4.1.91.Final\netty-handler-4.1.91.Final.jar;C:\Users\Mallepally-Sowmya\.m2\repository\io\netty\netty-common\4.1.91.Final\netty-common-4.1.91.Final.jar;C:\Users\Mallepally-Sowmya\.m2\repository\io\netty\netty-transport-classes-epoll\4.1.91.Final\netty-transport-classes-epoll-4.1.91.Final.jar;C:\Users\Mallepally-Sowmya\.m2\repository\io\netty\netty-transport-classes-kqueue\4.1.91.Final\netty-transport-classes-kqueue-4.1.91.Final.jar;C:\Users\Mallepally-Sowmya\.m2\repository\io\netty\netty-transport-native-epoll\4.1.91.Final\netty-transport-native-epoll-4.1.91.Final.jar;C:\Users\Mallepally-Sowmya\.m2\repository\io\netty\netty-transport-native-kqueue\4.1.91.Final\netty-transport-native-kqueue-4.1.91.Final.jar;C:\Users\Mallepally-Sowmya\.m2\repository\io\netty\netty-transport-native-unix-common\4.1.91.Final\netty-transport-native-unix-common-4.1.91.Final.jar;C:\Users\Mallepally-Sowmya\.m2\repository\io\netty\netty-transport\4.1.91.Final\netty-transport-4.1.91.Final.jar;C:\Users\Mallepally-Sowmya\.m2\repository\io\netty\netty-resolver\4.1.91.Final\netty-resolver-4.1.91.Final.jar;C:\Users\Mallepally-Sowmya\.m2\repository\io\opentelemetry\opentelemetry-api\1.25.0\opentelemetry-api-1.25.0.jar;C:\Users\Mallepally-Sowmya\.m2\repository\io\opentelemetry\opentelemetry-context\1.25.0\opentelemetry-context-1.25.0.jar;C:\Users\Mallepally-Sowmya\.m2\repository\io\opentelemetry\opentelemetry-exporter-logging\1.25.0\opentelemetry-exporter-logging-1.25.0.jar;C:\Users\Mallepally-Sowmya\.m2\repository\io\opentelemetry\opentelemetry-sdk-metrics\1.25.0\opentelemetry-sdk-metrics-1.25.0.jar;C:\Users\Mallepally-Sowmya\.m2\repository\io\opentelemetry\opentelemetry-sdk-logs\1.25.0-alpha\opentelemetry-sdk-logs-1.25.0-alpha.jar;C:\Users\Mallepally-Sowmya\.m2\repository\io\opentelemetry\opentelemetry-api-logs\1.25.0-alpha\opentelemetry-api-logs-1.25.0-alpha.jar;C:\Users\Mallepally-Sowmya\.m2\repository\io\opentelemetry\opentelemetry-api-events\1.25.0-alpha\opentelemetry-api-events-1.25.0-alpha.jar;C:\Users\Mallepally-Sowmya\.m2\repository\io\opentelemetry\opentelemetry-sdk-common\1.25.0\opentelemetry-sdk-common-1.25.0.jar;C:\Users\Mallepally-Sowmya\.m2\repository\io\opentelemetry\opentelemetry-sdk-extension-autoconfigure-spi\1.25.0\opentelemetry-sdk-extension-autoconfigure-spi-1.25.0.jar;C:\Users\Mallepally-Sowmya\.m2\repository\io\opentelemetry\opentelemetry-sdk-extension-autoconfigure\1.25.0-alpha\opentelemetry-sdk-extension-autoconfigure-1.25.0-alpha.jar;C:\Users\Mallepally-Sowmya\.m2\repository\io\opentelemetry\opentelemetry-sdk-trace\1.25.0\opentelemetry-sdk-trace-1.25.0.jar;C:\Users\Mallepally-Sowmya\.m2\repository\io\opentelemetry\opentelemetry-sdk\1.25.0\opentelemetry-sdk-1.25.0.jar;C:\Users\Mallepally-Sowmya\.m2\repository\io\opentelemetry\opentelemetry-semconv\1.25.0-alpha\opentelemetry-semconv-1.25.0-alpha.jar;C:\Users\Mallepally-Sowmya\.m2\repository\io\ous\jtoml\2.0.0\jtoml-2.0.0.jar;C:\Users\Mallepally-Sowmya\.m2\repository\net\bytebuddy\byte-buddy\1.14.4\byte-buddy-1.14.4.jar;C:\Users\Mallepally-Sowmya\.m2\repository\org\apache\commons\commons-exec\1.3\commons-exec-1.3.jar;C:\Users\Mallepally-Sowmya\.m2\repository\org\asynchttpclient\async-http-client\2.12.3\async-http-client-2.12.3.jar;C:\Users\Mallepally-Sowmya\.m2\repository\org\asynchttpclient\async-http-client-netty-utils\2.12.3\async-http-client-netty-utils-2.12.3.jar;C:\Users\Mallepally-Sowmya\.m2\repository\io\netty\netty-codec-socks\4.1.60.Final\netty-codec-socks-4.1.60.Final.jar;C:\Users\Mallepally-Sowmya\.m2\repository\io\netty\netty-handler-proxy\4.1.60.Final\netty-handler-proxy-4.1.60.Final.jar;C:\Users\Mallepally-Sowmya\.m2\repository\io\netty\netty-transport-native-epoll\4.1.60.Final\netty-transport-native-epoll-4.1.60.Final-linux-x86_64.jar;C:\Users\Mallepally-Sowmya\.m2\repository\io\netty\netty-transport-native-kqueue\4.1.60.Final\netty-transport-native-kqueue-4.1.60.Final-osx-x86_64.jar;C:\Users\Mallepally-Sowmya\.m2\repository\com\typesafe\netty\netty-reactive-streams\2.0.4\netty-reactive-streams-2.0.4.jar;C:\Users\Mallepally-Sowmya\.m2\repository\com\sun\activation\jakarta.activation\1.2.2\jakarta.activation-1.2.2.jar;C:\Users\Mallepally-Sowmya\.m2\repository\org\seleniumhq\selenium\selenium-http\4.9.1\selenium-http-4.9.1.jar;C:\Users\Mallepally-Sowmya\.m2\repository\dev\failsafe\failsafe\3.3.1\failsafe-3.3.1.jar;C:\Users\Mallepally-Sowmya\.m2\repository\org\seleniumhq\selenium\selenium-json\4.9.1\selenium-json-4.9.1.jar;C:\Users\Mallepally-Sowmya\.m2\repository\org\seleniumhq\selenium\selenium-manager\4.9.1\selenium-manager-4.9.1.jar;C:\Users\Mallepally-Sowmya\.m2\repository\org\seleniumhq\selenium\selenium-support\4.9.1\selenium-support-4.9.1.jar;C:\Users\Mallepally-Sowmya\.m2\repository\com\google\code\gson\gson\2.10\gson-2.10.jar;C:\Users\Mallepally-Sowmya\.m2\repository\cglib\cglib\3.3.0\cglib-3.3.0.jar;C:\Users\Mallepally-Sowmya\.m2\repository\org\ow2\asm\asm\7.1\asm-7.1.jar;C:\Users\Mallepally-Sowmya\.m2\repository\commons-validator\commons-validator\1.7\commons-validator-1.7.jar;C:\Users\Mallepally-Sowmya\.m2\repository\commons-digester\commons-digester\2.1\commons-digester-2.1.jar;C:\Users\Mallepally-Sowmya\.m2\repository\commons-logging\commons-logging\1.2\commons-logging-1.2.jar;C:\Users\Mallepally-Sowmya\.m2\repository\org\apache\commons\commons-lang3\3.12.0\commons-lang3-3.12.0.jar;C:\Users\Mallepally-Sowmya\.m2\repository\commons-io\commons-io\2.11.0\commons-io-2.11.0.jar;C:\Users\Mallepally-Sowmya\.m2\repository\com\codoid\products\fillo\1.18\fillo-1.18.jar;C:\Users\Mallepally-Sowmya\.m2\repository\org\seleniumhq\selenium\selenium-java\4.8.3\selenium-java-4.8.3.jar;C:\Users\Mallepally-Sowmya\.m2\repository\org\seleniumhq\selenium\selenium-chrome-driver\4.8.3\selenium-chrome-driver-4.8.3.jar;C:\Users\Mallepally-Sowmya\.m2\repository\org\seleniumhq\selenium\selenium-chromium-driver\4.8.3\selenium-chromium-driver-4.8.3.jar;C:\Users\Mallepally-Sowmya\.m2\repository\org\seleniumhq\selenium\selenium-devtools-v109\4.8.3\selenium-devtools-v109-4.8.3.jar;C:\Users\Mallepally-Sowmya\.m2\repository\org\seleniumhq\selenium\selenium-devtools-v110\4.8.3\selenium-devtools-v110-4.8.3.jar;C:\Users\Mallepally-Sowmya\.m2\repository\org\seleniumhq\selenium\selenium-devtools-v111\4.8.3\selenium-devtools-v111-4.8.3.jar;C:\Users\Mallepally-Sowmya\.m2\repository\org\seleniumhq\selenium\selenium-devtools-v85\4.8.3\selenium-devtools-v85-4.8.3.jar;C:\Users\Mallepally-Sowmya\.m2\repository\org\seleniumhq\selenium\selenium-edge-driver\4.8.3\selenium-edge-driver-4.8.3.jar;C:\Users\Mallepally-Sowmya\.m2\repository\org\seleniumhq\selenium\selenium-firefox-driver\4.8.3\selenium-firefox-driver-4.8.3.jar;C:\Users\Mallepally-Sowmya\.m2\repository\org\seleniumhq\selenium\selenium-ie-driver\4.8.3\selenium-ie-driver-4.8.3.jar;C:\Users\Mallepally-Sowmya\.m2\repository\org\seleniumhq\selenium\selenium-safari-driver\4.8.3\selenium-safari-driver-4.8.3.jar;C:\Users\Mallepally-Sowmya\.m2\repository\com\beust\jcommander\1.82\jcommander-1.82.jar;C:\Users\Mallepally-Sowmya\.m2\repository\org\testng\testng\7.7.1\testng-7.7.1.jar;C:\Users\Mallepally-Sowmya\.m2\repository\org\webjars\jquery\3.6.1\jquery-3.6.1.jar;C:\Users\Mallepally-Sowmya\.m2\repository\org\projectlombok\lombok\1.18.26\lombok-1.18.26.jar;C:\Users\Mallepally-Sowmya\.m2\repository\com\jayway\jsonpath\json-path\2.8.0\json-path-2.8.0.jar;C:\Users\Mallepally-Sowmya\.m2\repository\net\minidev\json-smart\2.4.10\json-smart-2.4.10.jar;C:\Users\Mallepally-Sowmya\.m2\repository\net\minidev\accessors-smart\2.4.9\accessors-smart-2.4.9.jar;C:\Users\Mallepally-Sowmya\.m2\repository\io\basc\framework\log4j2\1.8.3\log4j2-1.8.3.jar;C:\Users\Mallepally-Sowmya\.m2\repository\io\basc\framework\core\1.8.3\core-1.8.3.jar;C:\Users\Mallepally-Sowmya\.m2\repository\org\apache\logging\log4j\log4j-slf4j-impl\2.17.2\log4j-slf4j-impl-2.17.2.jar;C:\Users\Mallepally-Sowmya\.m2\repository\net\thucydides\thucydides-core\0.9.275\thucydides-core-0.9.275.jar;C:\Users\Mallepally-Sowmya\.m2\repository\com\fasterxml\jackson\core\jackson-core\2.4.3\jackson-core-2.4.3.jar;C:\Users\Mallepally-Sowmya\.m2\repository\com\fasterxml\jackson\core\jackson-annotations\2.4.3\jackson-annotations-2.4.3.jar;C:\Users\Mallepally-Sowmya\.m2\repository\com\fasterxml\jackson\core\jackson-databind\2.4.3\jackson-databind-2.4.3.jar;C:\Users\Mallepally-Sowmya\.m2\repository\com\fasterxml\jackson\datatype\jackson-datatype-joda\2.4.3\jackson-datatype-joda-2.4.3.jar;C:\Users\Mallepally-Sowmya\.m2\repository\com\fasterxml\jackson\datatype\jackson-datatype-guava\2.4.3\jackson-datatype-guava-2.4.3.jar;C:\Users\Mallepally-Sowmya\.m2\repository\commons-codec\commons-codec\1.9\commons-codec-1.9.jar;C:\Users\Mallepally-Sowmya\.m2\repository\junit\junit\4.11\junit-4.11.jar;C:\Users\Mallepally-Sowmya\.m2\repository\com\opera\operadriver\1.4\operadriver-1.4.jar;C:\Users\Mallepally-Sowmya\.m2\repository\com\opera\operalaunchers\1.1\operalaunchers-1.1.jar;C:\Users\Mallepally-Sowmya\.m2\repository\com\google\protobuf\protobuf-java\2.4.1\protobuf-java-2.4.1.jar;C:\Users\Mallepally-Sowmya\.m2\repository\commons-jxpath\commons-jxpath\1.3\commons-jxpath-1.3.jar;C:\Users\Mallepally-Sowmya\.m2\repository\org\ini4j\ini4j\0.5.2\ini4j-0.5.2.jar;C:\Users\Mallepally-Sowmya\.m2\repository\org\seleniumhq\selenium\selenium-server\2.43.1\selenium-server-2.43.1.jar;C:\Users\Mallepally-Sowmya\.m2\repository\org\bouncycastle\bcprov-jdk15on\1.48\bcprov-jdk15on-1.48.jar;C:\Users\Mallepally-Sowmya\.m2\repository\org\bouncycastle\bcpkix-jdk15on\1.48\bcpkix-jdk15on-1.48.jar;C:\Users\Mallepally-Sowmya\.m2\repository\mx4j\mx4j-tools\3.0.1\mx4j-tools-3.0.1.jar;C:\Users\Mallepally-Sowmya\.m2\repository\org\mortbay\jetty\servlet-api-2.5\6.1.9\servlet-api-2.5-6.1.9.jar;C:\Users\Mallepally-Sowmya\.m2\repository\org\seleniumhq\selenium\jetty-repacked\7.6.1\jetty-repacked-7.6.1.jar;C:\Users\Mallepally-Sowmya\.m2\repository\org\seleniumhq\selenium\jetty-rc-repacked\5\jetty-rc-repacked-5.jar;C:\Users\Mallepally-Sowmya\.m2\repository\net\jcip\jcip-annotations\1.0\jcip-annotations-1.0.jar;C:\Users\Mallepally-Sowmya\.m2\repository\org\yaml\snakeyaml\1.8\snakeyaml-1.8.jar;C:\Users\Mallepally-Sowmya\.m2\repository\com\github\detro\ghostdriver\phantomjsdriver\1.1.0\phantomjsdriver-1.1.0.jar;C:\Users\Mallepally-Sowmya\.m2\repository\org\hamcrest\hamcrest-integration\1.3\hamcrest-integration-1.3.jar;C:\Users\Mallepally-Sowmya\.m2\repository\org\hamcrest\hamcrest-library\1.3\hamcrest-library-1.3.jar;C:\Users\Mallepally-Sowmya\.m2\repository\org\hamcrest\hamcrest-core\1.3\hamcrest-core-1.3.jar;C:\Users\Mallepally-Sowmya\.m2\repository\net\sf\opencsv\opencsv\2.0\opencsv-2.0.jar;C:\Users\Mallepally-Sowmya\.m2\repository\commons-beanutils\commons-beanutils-core\1.8.3\commons-beanutils-core-1.8.3.jar;C:\Users\Mallepally-Sowmya\.m2\repository\com\googlecode\lambdaj\lambdaj\2.3.3\lambdaj-2.3.3.jar;C:\Users\Mallepally-Sowmya\.m2\repository\org\objenesis\objenesis\1.2\objenesis-1.2.jar;C:\Users\Mallepally-Sowmya\.m2\repository\joda-time\joda-time\2.0\joda-time-2.0.jar;C:\Users\Mallepally-Sowmya\.m2\repository\com\thoughtworks\xstream\xstream\1.4.1\xstream-1.4.1.jar;C:\Users\Mallepally-Sowmya\.m2\repository\xmlpull\xmlpull\1.1.3.1\xmlpull-1.1.3.1.jar;C:\Users\Mallepally-Sowmya\.m2\repository\xpp3\xpp3_min\1.1.4c\xpp3_min-1.1.4c.jar;C:\Users\Mallepally-Sowmya\.m2\repository\net\thucydides\thucydides-report-resources\0.9.275\thucydides-report-resources-0.9.275.jar;C:\Users\Mallepally-Sowmya\.m2\repository\net\sf\flexjson\flexjson\2.1\flexjson-2.1.jar;C:\Users\Mallepally-Sowmya\.m2\repository\net\sourceforge\jexcelapi\jxl\2.6.12\jxl-2.6.12.jar;C:\Users\Mallepally-Sowmya\.m2\repository\asm\asm\3.3.1\asm-3.3.1.jar;C:\Users\Mallepally-Sowmya\.m2\repository\commons-collections\commons-collections\3.2.1\commons-collections-3.2.1.jar;C:\Users\Mallepally-Sowmya\.m2\repository\org\fluentlenium\fluentlenium-core\0.10.2\fluentlenium-core-0.10.2.jar;C:\Users\Mallepally-Sowmya\.m2\repository\xml-apis\xml-apis\1.4.01\xml-apis-1.4.01.jar;C:\Users\Mallepally-Sowmya\.m2\repository\com\jhlabs\filters\2.0.235\filters-2.0.235.jar;C:\Users\Mallepally-Sowmya\.m2\repository\org\asciidoctor\asciidoctor-java-integration\0.1.3\asciidoctor-java-integration-0.1.3.jar;C:\Users\Mallepally-Sowmya\.m2\repository\org\jruby\jruby-complete\1.7.4\jruby-complete-1.7.4.jar;C:\Users\Mallepally-Sowmya\.m2\repository\org\hibernate\hibernate-validator\5.1.1.Final\hibernate-validator-5.1.1.Final.jar;C:\Users\Mallepally-Sowmya\.m2\repository\javax\validation\validation-api\1.1.0.Final\validation-api-1.1.0.Final.jar;C:\Users\Mallepally-Sowmya\.m2\repository\org\jboss\logging\jboss-logging\3.1.3.GA\jboss-logging-3.1.3.GA.jar;C:\Users\Mallepally-Sowmya\.m2\repository\com\fasterxml\classmate\1.0.0\classmate-1.0.0.jar;C:\Users\Mallepally-Sowmya\.m2\repository\javax\el\javax.el-api\2.2.4\javax.el-api-2.2.4.jar;C:\Users\Mallepally-Sowmya\.m2\repository\org\glassfish\web\javax.el\2.2.4\javax.el-2.2.4.jar;C:\Users\Mallepally-Sowmya\.m2\repository\org\json\json\20230227\json-20230227.jar;C:\Users\Mallepally-Sowmya\.m2\repository\com\google\inject\guice\5.1.0\guice-5.1.0.jar;C:\Users\Mallepally-Sowmya\.m2\repository\javax\inject\javax.inject\1\javax.inject-1.jar;C:\Users\Mallepally-Sowmya\.m2\repository\aopalliance\aopalliance\1.0\aopalliance-1.0.jar;C:\Users\Mallepally-Sowmya\.m2\repository\com\googlecode\json-simple\json-simple\1.1.1\json-simple-1.1.1.jar;C:\Users\Mallepally-Sowmya\.m2\repository\org\apache\commons\commons-csv\1.10.0\commons-csv-1.10.0.jar;C:\Users\Mallepally-Sowmya\.m2\repository\org\apache\logging\log4j\log4j-core\2.20.0\log4j-core-2.20.0.jar;C:\Users\Mallepally-Sowmya\.m2\repository\org\apache\logging\log4j\log4j-api\2.20.0\log4j-api-2.20.0.jar;C:\Users\Mallepally-Sowmya\.m2\repository\org\apache\poi\poi\5.2.3\poi-5.2.3.jar;C:\Users\Mallepally-Sowmya\.m2\repository\org\apache\commons\commons-collections4\4.4\commons-collections4-4.4.jar;C:\Users\Mallepally-Sowmya\.m2\repository\org\apache\commons\commons-math3\3.6.1\commons-math3-3.6.1.jar;C:\Users\Mallepally-Sowmya\.m2\repository\com\zaxxer\SparseBitSet\1.2\SparseBitSet-1.2.jar;C:\Users\Mallepally-Sowmya\.m2\repository\org\apache\poi\poi-ooxml\5.2.3\poi-ooxml-5.2.3.jar;C:\Users\Mallepally-Sowmya\.m2\repository\org\apache\poi\poi-ooxml-lite\5.2.3\poi-ooxml-lite-5.2.3.jar;C:\Users\Mallepally-Sowmya\.m2\repository\org\apache\xmlbeans\xmlbeans\5.1.1\xmlbeans-5.1.1.jar;C:\Users\Mallepally-Sowmya\.m2\repository\org\apache\commons\commons-compress\1.21\commons-compress-1.21.jar;C:\Users\Mallepally-Sowmya\.m2\repository\com\github\virtuald\curvesapi\1.07\curvesapi-1.07.jar;C:\Users\Mallepally-Sowmya\.m2\repository\com\aventstack\extentreports\5.0.9\extentreports-5.0.9.jar;C:\Users\Mallepally-Sowmya\.m2\repository\io\reactivex\rxjava3\rxjava\3.0.4\rxjava-3.0.4.jar;C:\Users\Mallepally-Sowmya\.m2\repository\org\reactivestreams\reactive-streams\1.0.3\reactive-streams-1.0.3.jar;C:\Users\Mallepally-Sowmya\.m2\repository\com\opencsv\opencsv\5.7.1\opencsv-5.7.1.jar;C:\Users\Mallepally-Sowmya\.m2\repository\org\apache\commons\commons-text\1.10.0\commons-text-1.10.0.jar;C:\Users\Mallepally-Sowmya\.m2\repository\commons-beanutils\commons-beanutils\1.9.4\commons-beanutils-1.9.4.jar;C:\Users\Mallepally-Sowmya\.m2\repository\com\github\2gis\winium\winium-webdriver\0.1.0-1\winium-webdriver-0.1.0-1.jar;C:\Users\Mallepally-Sowmya\.m2\repository\io\github\bonigarcia\webdrivermanager\5.3.2\webdrivermanager-5.3.2.jar;C:\Users\Mallepally-Sowmya\.m2\repository\com\github\docker-java\docker-java\3.2.14\docker-java-3.2.14.jar;C:\Users\Mallepally-Sowmya\.m2\repository\com\github\docker-java\docker-java-core\3.2.14\docker-java-core-3.2.14.jar;C:\Users\Mallepally-Sowmya\.m2\repository\com\github\docker-java\docker-java-api\3.2.14\docker-java-api-3.2.14.jar;C:\Users\Mallepally-Sowmya\.m2\repository\org\slf4j\jcl-over-slf4j\1.7.30\jcl-over-slf4j-1.7.30.jar;C:\Users\Mallepally-Sowmya\.m2\repository\com\github\docker-java\docker-java-transport-httpclient5\3.2.14\docker-java-transport-httpclient5-3.2.14.jar;C:\Users\Mallepally-Sowmya\.m2\repository\com\github\docker-java\docker-java-transport\3.2.14\docker-java-transport-3.2.14.jar;C:\Users\Mallepally-Sowmya\.m2\repository\net\java\dev\jna\jna\5.12.1\jna-5.12.1.jar;C:\Users\Mallepally-Sowmya\.m2\repository\org\brotli\dec\0.1.2\dec-0.1.2.jar;C:\Users\Mallepally-Sowmya\.m2\repository\org\apache\httpcomponents\client5\httpclient5\5.2.1\httpclient5-5.2.1.jar;C:\Users\Mallepally-Sowmya\.m2\repository\org\apache\httpcomponents\core5\httpcore5\5.2\httpcore5-5.2.jar;C:\Users\Mallepally-Sowmya\.m2\repository\org\apache\httpcomponents\core5\httpcore5-h2\5.2\httpcore5-h2-5.2.jar;C:\Users\Mallepally-Sowmya\.m2\repository\com\browserstack\browserstack-local-java\1.0.7\browserstack-local-java-1.0.7.jar;C:\Users\Mallepally-Sowmya\.m2\repository\org\apache\maven\plugins\maven-compiler-plugin\3.11.0\maven-compiler-plugin-3.11.0.jar;C:\Users\Mallepally-Sowmya\.m2\repository\org\apache\maven\shared\maven-shared-utils\3.3.4\maven-shared-utils-3.3.4.jar;C:\Users\Mallepally-Sowmya\.m2\repository\org\apache\maven\shared\maven-shared-incremental\1.1\maven-shared-incremental-1.1.jar;C:\Users\Mallepally-Sowmya\.m2\repository\org\codehaus\plexus\plexus-component-annotations\1.5.5\plexus-component-annotations-1.5.5.jar;C:\Users\Mallepally-Sowmya\.m2\repository\org\codehaus\plexus\plexus-java\1.1.2\plexus-java-1.1.2.jar;C:\Users\Mallepally-Sowmya\.m2\repository\com\thoughtworks\qdox\qdox\2.0.3\qdox-2.0.3.jar;C:\Users\Mallepally-Sowmya\.m2\repository\org\codehaus\plexus\plexus-compiler-api\2.13.0\plexus-compiler-api-2.13.0.jar;C:\Users\Mallepally-Sowmya\.m2\repository\org\codehaus\plexus\plexus-utils\3.4.2\plexus-utils-3.4.2.jar;C:\Users\Mallepally-Sowmya\.m2\repository\org\codehaus\plexus\plexus-compiler-manager\2.13.0\plexus-compiler-manager-2.13.0.jar;C:\Users\Mallepally-Sowmya\.m2\repository\org\codehaus\plexus\plexus-compiler-javac\2.13.0\plexus-compiler-javac-2.13.0.jar;C:\Users\Mallepally-Sowmya\.m2\repository\io\github\simple4tests\interactions-webdriver\1.3.0\interactions-webdriver-1.3.0.jar;C:\Users\Mallepally-Sowmya\.m2\repository\com\google\guava\guava\31.1-jre\guava-31.1-jre.jar;C:\Users\Mallepally-Sowmya\.m2\repository\com\google\guava\failureaccess\1.0.1\failureaccess-1.0.1.jar;C:\Users\Mallepally-Sowmya\.m2\repository\com\google\guava\listenablefuture\9999.0-empty-to-avoid-conflict-with-guava\listenablefuture-9999.0-empty-to-avoid-conflict-with-guava.jar;C:\Users\Mallepally-Sowmya\.m2\repository\com\google\code\findbugs\jsr305\3.0.2\jsr305-3.0.2.jar;C:\Users\Mallepally-Sowmya\.m2\repository\org\checkerframework\checker-qual\3.12.0\checker-qual-3.12.0.jar;C:\Users\Mallepally-Sowmya\.m2\repository\com\google\errorprone\error_prone_annotations\2.11.0\error_prone_annotations-2.11.0.jar;C:\Users\Mallepally-Sowmya\.m2\repository\com\google\j2objc\j2objc-annotations\1.3\j2objc-annotations-1.3.jar;C:\Users\Mallepally-Sowmya\.m2\repository\org\apache\maven\plugins\maven-surefire-plugin\3.1.0\maven-surefire-plugin-3.1.0.jar;C:\Users\Mallepally-Sowmya\.m2\repository\org\apache\maven\surefire\maven-surefire-common\3.1.0\maven-surefire-common-3.1.0.jar;C:\Users\Mallepally-Sowmya\.m2\repository\org\apache\maven\surefire\surefire-api\3.1.0\surefire-api-3.1.0.jar;C:\Users\Mallepally-Sowmya\.m2\repository\org\apache\maven\surefire\surefire-logger-api\3.1.0\surefire-logger-api-3.1.0.jar;C:\Users\Mallepally-Sowmya\.m2\repository\org\apache\maven\surefire\surefire-extensions-api\3.1.0\surefire-extensions-api-3.1.0.jar;C:\Users\Mallepally-Sowmya\.m2\repository\org\apache\maven\surefire\surefire-booter\3.1.0\surefire-booter-3.1.0.jar;C:\Users\Mallepally-Sowmya\.m2\repository\org\apache\maven\surefire\surefire-extensions-spi\3.1.0\surefire-extensions-spi-3.1.0.jar;C:\Users\Mallepally-Sowmya\.m2\repository\org\eclipse\aether\aether-util\1.0.0.v20140518\aether-util-1.0.0.v20140518.jar;C:\Users\Mallepally-Sowmya\.m2\repository\org\eclipse\aether\aether-api\1.0.0.v20140518\aether-api-1.0.0.v20140518.jar;C:\Users\Mallepally-Sowmya\.m2\repository\org\apache\maven\shared\maven-common-artifact-filters\3.1.1\maven-common-artifact-filters-3.1.1.jar;C:\Users\Mallepally-Sowmya\.m2\repository\org\apache\maven\maven-artifact\3.1.0\maven-artifact-3.1.0.jar;C:\Users\Mallepally-Sowmya\.m2\repository\org\apache\maven\maven-core\3.1.0\maven-core-3.1.0.jar;C:\Users\Mallepally-Sowmya\.m2\repository\org\apache\maven\maven-settings\3.1.0\maven-settings-3.1.0.jar;C:\Users\Mallepally-Sowmya\.m2\repository\org\apache\maven\maven-settings-builder\3.1.0\maven-settings-builder-3.1.0.jar;C:\Users\Mallepally-Sowmya\.m2\repository\org\apache\maven\maven-repository-metadata\3.1.0\maven-repository-metadata-3.1.0.jar;C:\Users\Mallepally-Sowmya\.m2\repository\org\apache\maven\maven-model-builder\3.1.0\maven-model-builder-3.1.0.jar;C:\Users\Mallepally-Sowmya\.m2\repository\org\apache\maven\maven-aether-provider\3.1.0\maven-aether-provider-3.1.0.jar;C:\Users\Mallepally-Sowmya\.m2\repository\org\eclipse\aether\aether-spi\0.9.0.M2\aether-spi-0.9.0.M2.jar;C:\Users\Mallepally-Sowmya\.m2\repository\org\eclipse\aether\aether-impl\0.9.0.M2\aether-impl-0.9.0.M2.jar;C:\Users\Mallepally-Sowmya\.m2\repository\org\eclipse\sisu\org.eclipse.sisu.plexus\0.0.0.M2a\org.eclipse.sisu.plexus-0.0.0.M2a.jar;C:\Users\Mallepally-Sowmya\.m2\repository\javax\enterprise\cdi-api\1.0\cdi-api-1.0.jar;C:\Users\Mallepally-Sowmya\.m2\repository\javax\annotation\jsr250-api\1.0\jsr250-api-1.0.jar;C:\Users\Mallepally-Sowmya\.m2\repository\org\sonatype\sisu\sisu-guice\3.1.0\sisu-guice-3.1.0-no_aop.jar;C:\Users\Mallepally-Sowmya\.m2\repository\org\eclipse\sisu\org.eclipse.sisu.inject\0.0.0.M2a\org.eclipse.sisu.inject-0.0.0.M2a.jar;C:\Users\Mallepally-Sowmya\.m2\repository\org\codehaus\plexus\plexus-interpolation\1.16\plexus-interpolation-1.16.jar;C:\Users\Mallepally-Sowmya\.m2\repository\org\codehaus\plexus\plexus-classworlds\2.4.2\plexus-classworlds-2.4.2.jar;C:\Users\Mallepally-Sowmya\.m2\repository\org\sonatype\plexus\plexus-sec-dispatcher\1.3\plexus-sec-dispatcher-1.3.jar;C:\Users\Mallepally-Sowmya\.m2\repository\org\sonatype\plexus\plexus-cipher\1.4\plexus-cipher-1.4.jar;C:\Users\Mallepally-Sowmya\.m2\repository\org\apache\maven\maven-plugin-api\3.1.0\maven-plugin-api-3.1.0.jar;C:\Users\Mallepally-Sowmya\.m2\repository\org\apache\maven\surefire\surefire-shared-utils\3.1.0\surefire-shared-utils-3.1.0.jar;"/>
    <property name="sun.cpu.endian" value="little"/>
    <property name="user.home" value="C:\Users\Mallepally-Sowmya"/>
    <property name="user.language" value="en"/>
    <property name="java.specification.vendor" value="Oracle Corporation"/>
    <property name="java.version.date" value="2022-07-19"/>
    <property name="java.home" value="C:\Program Files\Java\jdk-17.0.4"/>
    <property name="file.separator" value="\"/>
    <property name="basedir" value="C:\Appium-Mobile Automation\QM_Appium"/>
    <property name="java.vm.compressedOopsMode" value="32-bit"/>
    <property name="line.separator" value="&#10;"/>
    <property name="java.vm.specification.vendor" value="Oracle Corporation"/>
    <property name="java.specification.name" value="Java Platform API Specification"/>
    <property name="surefire.real.class.path" value="C:\Users\Mallepally-Sowmya\AppData\Local\Temp\surefire9310363116616913751\surefirebooter-20230518141410544_3.jar"/>
    <property name="user.script" value=""/>
    <property name="sun.management.compiler" value="HotSpot 64-Bit Tiered Compilers"/>
    <property name="java.runtime.version" value="17.0.4+11-LTS-179"/>
    <property name="user.name" value="Mallepally-Sowmya"/>
    <property name="path.separator" value=";"/>
    <property name="os.version" value="10.0"/>
    <property name="java.runtime.name" value="Java(TM) SE Runtime Environment"/>
    <property name="file.encoding" value="Cp1252"/>
    <property name="java.vm.name" value="Java HotSpot(TM) 64-Bit Server VM"/>
    <property name="localRepository" value="C:\Users\Mallepally-Sowmya\.m2\repository"/>
    <property name="java.vendor.url.bug" value="https://bugreport.java.com/bugreport/"/>
    <property name="java.io.tmpdir" value="C:\Users\MALLEP~1\AppData\Local\Temp\"/>
    <property name="java.version" value="17.0.4"/>
    <property name="user.dir" value="C:\Appium-Mobile Automation\QM_Appium"/>
    <property name="os.arch" value="amd64"/>
    <property name="java.vm.specification.name" value="Java Virtual Machine Specification"/>
    <property name="sun.os.patch.level" value=""/>
    <property name="native.encoding" value="Cp1252"/>
    <property name="java.library.path" value="C:\Program Files\Java\jdk-17.0.4\bin;C:\WINDOWS\Sun\Java\bin;C:\WINDOWS\system32;C:\WINDOWS;C:\WINDOWS\system32;C:\WINDOWS;C:\WINDOWS\System32\Wbem;C:\WINDOWS\System32\WindowsPowerShell\v1.0\;C:\WINDOWS\System32\OpenSSH\;C:\Users\Mallepally-Sowmya\Downloads\Drivers;C:\Program Files\MySQL\MySQL Server 8.0\bin;C:\Performancetesting\apache-maven-3.9.0-bin\apache-maven-3.9.0\bin;C:\Program Files\Java\jdk-17.0.4\bin;C:\Program Files\nodejs\;C:\Program Files\nodejs\node_modules\npm\bin;C:\Program Files\nodejs\node_modules\npm;C:\Appium-Mobile Automation\Curl\bin;C:\Users\Mallepally-Sowmya\AppData\Local\Android\Sdk\tools;C:\Users\Mallepally-Sowmya\AppData\Local\Android\Sdk\tools\bin;C:\Users\Mallepally-Sowmya\AppData\Local\Android\Sdk\platform-tools;C:\Users\Mallepally-Sowmya\AppData\Local\Microsoft\WindowsApps;C:\Users\Mallepally-Sowmya\AppData\Local\JetBrains\IntelliJ IDEA Community Edition 2022.2.3\bin;;C:\Users\Mallepally-Sowmya\AppData\Local\GitHubDesktop\bin;C:\Users\Mallepally-Sowmya\AppData\Local\Programs\Git\cmd;C:\Users\Mallepally-Sowmya\AppData\Roaming\npm;."/>
    <property name="java.vm.info" value="mixed mode, sharing"/>
    <property name="java.vendor" value="Oracle Corporation"/>
    <property name="java.vm.version" value="17.0.4+11-LTS-179"/>
    <property name="sun.io.unicode.encoding" value="UnicodeLittle"/>
    <property name="java.class.version" value="61.0"/>
  </properties>
  <testcase name="addContactAndAddToFavorites" classname="com.qm.android.testcases.HomePageTest" time="30.201">
    <system-out><![CDATA[Going to start suite: Default suite picked
key: Android
key1: 192.168.27.101:5555
key2: 4723
Mobile_Application
Execution started Mobile_Application @ Android_Native
Successfully clicked on - Click on allow
265-182-5671
Successfully clicked on - allow button
Successfully clicked on - Skip button
Successfully element enabled: Create Contact button is enabled
Successfully clicked on - Create Contact button
Successfully get text - Create contact
Actual Text - Create contact
Expected Text - Create contact
Create contact  Actual value is equals to Create contact
Successfully Entered text - 265-182-5671
Successfully get text - 265-182-5671
Successfully Entered text - Auto05/18/2023 14:14:25
Successfully get text - Auto05/18/2023 14:14:25
Successfully Entered text - Auto05/18/2023 14:14:25
Successfully clicked on - Mobile
Successfully clicked on - Save
Successfully get text - 265-182-5671
Actual Text - 265-182-5671
Expected Text - 265-182-5671
265-182-5671  Actual value is equals to 265-182-5671
Successfully clicked on - Previous Page
Successfully clicked on - Search Contact
Successfully clicked on - Search Contact
Successfully Entered text - Auto05/18/2023 14:14:25
Successfully clicked on - Contact Deatails
Successfully clicked on - Add_To_Favorities
Successfully clicked on - Previous Page
Successfully clicked on - Contact Deatails
Successfully element enabled: Add_To_Favorities
]]></system-out>
    <system-err><![CDATA[SLF4J: Class path contains multiple SLF4J bindings.
SLF4J: Found binding in [jar:file:/C:/Users/Mallepally-Sowmya/.m2/repository/org/slf4j/slf4j-log4j12/1.7.5/slf4j-log4j12-1.7.5.jar!/org/slf4j/impl/StaticLoggerBinder.class]
SLF4J: Found binding in [jar:file:/C:/Users/Mallepally-Sowmya/.m2/repository/org/apache/logging/log4j/log4j-slf4j-impl/2.17.2/log4j-slf4j-impl-2.17.2.jar!/org/slf4j/impl/StaticLoggerBinder.class]
SLF4J: See http://www.slf4j.org/codes.html#multiple_bindings for an explanation.
SLF4J: Actual binding is of type [org.slf4j.impl.Log4jLoggerFactory]
log4j:WARN No appenders could be found for logger (io.netty.util.internal.logging.InternalLoggerFactory).
log4j:WARN Please initialize the log4j system properly.
log4j:WARN See http://logging.apache.org/log4j/1.2/faq.html#noconfig for more info.
]]></system-err>
  </testcase>
  <testcase name="addContactAndDeleteContact" classname="com.qm.android.testcases.HomePageTest" time="68.01">
    <failure message="Expected condition failed: waiting for visibility of element located by By.xpath: //android.widget.TextView[@text=&apos;No results&apos;] (tried for 30 second(s) with 500 milliseconds interval)&#10;Build info: version: &apos;4.9.1&apos;, revision: &apos;eb2032df7f&apos;&#10;System info: os.name: &apos;Windows 11&apos;, os.arch: &apos;amd64&apos;, os.version: &apos;10.0&apos;, java.version: &apos;17.0.4&apos;&#10;Driver info: io.appium.java_client.android.AndroidDriver&#10;Capabilities {appium:appActivity: com.android.contacts.activi..., appium:appPackage: com.google.android.contacts, appium:automationName: UiAutomator2, appium:databaseEnabled: false, appium:desired: {appActivity: com.android.contacts.activi..., appPackage: com.google.android.contacts, automationName: UiAutomator2, noReset: false, orientation: PORTRAIT, platformName: ANDROID, platformVersion: 10, udid: 192.168.27.101:5555}, appium:deviceApiLevel: 30, appium:deviceManufacturer: Genymobile, appium:deviceModel: Nexus 4, appium:deviceName: 192.168.27.101:5555, appium:deviceScreenDensity: 320, appium:deviceScreenSize: 768x1280, appium:deviceUDID: 192.168.27.101:5555, appium:javascriptEnabled: true, appium:locationContextEnabled: false, appium:networkConnectionEnabled: true, appium:noReset: false, appium:orientation: PORTRAIT, appium:pixelRatio: 2, appium:platformVersion: 11, appium:statBarHeight: 48, appium:takesScreenshot: true, appium:udid: 192.168.27.101:5555, appium:viewportRect: {height: 1136, left: 0, top: 48, width: 768}, appium:warnings: {}, appium:webStorageEnabled: false, platformName: ANDROID}&#10;Session ID: 08010965-fa0e-417b-8fbb-66849c262342" type="org.openqa.selenium.TimeoutException"><![CDATA[org.openqa.selenium.TimeoutException: 
Expected condition failed: waiting for visibility of element located by By.xpath: //android.widget.TextView[@text='No results'] (tried for 30 second(s) with 500 milliseconds interval)
Build info: version: '4.9.1', revision: 'eb2032df7f'
System info: os.name: 'Windows 11', os.arch: 'amd64', os.version: '10.0', java.version: '17.0.4'
Driver info: io.appium.java_client.android.AndroidDriver
Capabilities {appium:appActivity: com.android.contacts.activi..., appium:appPackage: com.google.android.contacts, appium:automationName: UiAutomator2, appium:databaseEnabled: false, appium:desired: {appActivity: com.android.contacts.activi..., appPackage: com.google.android.contacts, automationName: UiAutomator2, noReset: false, orientation: PORTRAIT, platformName: ANDROID, platformVersion: 10, udid: 192.168.27.101:5555}, appium:deviceApiLevel: 30, appium:deviceManufacturer: Genymobile, appium:deviceModel: Nexus 4, appium:deviceName: 192.168.27.101:5555, appium:deviceScreenDensity: 320, appium:deviceScreenSize: 768x1280, appium:deviceUDID: 192.168.27.101:5555, appium:javascriptEnabled: true, appium:locationContextEnabled: false, appium:networkConnectionEnabled: true, appium:noReset: false, appium:orientation: PORTRAIT, appium:pixelRatio: 2, appium:platformVersion: 11, appium:statBarHeight: 48, appium:takesScreenshot: true, appium:udid: 192.168.27.101:5555, appium:viewportRect: {height: 1136, left: 0, top: 48, width: 768}, appium:warnings: {}, appium:webStorageEnabled: false, platformName: ANDROID}
Session ID: 08010965-fa0e-417b-8fbb-66849c262342
	at org.openqa.selenium.support.ui.WebDriverWait.timeoutException(WebDriverWait.java:87)
	at org.openqa.selenium.support.ui.FluentWait.until(FluentWait.java:231)
	at com.qm.android.utils.MobileActions.waitForVisible(MobileActions.java:72)
	at com.qm.android.utils.MobileActions.isDisplayed(MobileActions.java:432)
	at com.qm.android.screens.HomePage.deleteContact(HomePage.java:41)
	at com.qm.android.testcases.HomePageTest.addContactAndDeleteContact(HomePageTest.java:32)
	at java.base/jdk.internal.reflect.NativeMethodAccessorImpl.invoke0(Native Method)
	at java.base/jdk.internal.reflect.NativeMethodAccessorImpl.invoke(NativeMethodAccessorImpl.java:77)
	at java.base/jdk.internal.reflect.DelegatingMethodAccessorImpl.invoke(DelegatingMethodAccessorImpl.java:43)
	at java.base/java.lang.reflect.Method.invoke(Method.java:568)
	at org.testng.internal.invokers.MethodInvocationHelper.invokeMethod(MethodInvocationHelper.java:139)
	at org.testng.internal.invokers.TestInvoker.invokeMethod(TestInvoker.java:677)
	at org.testng.internal.invokers.TestInvoker.invokeTestMethod(TestInvoker.java:221)
	at org.testng.internal.invokers.MethodRunner.runInSequence(MethodRunner.java:50)
	at org.testng.internal.invokers.TestInvoker$MethodInvocationAgent.invoke(TestInvoker.java:969)
	at org.testng.internal.invokers.TestInvoker.invokeTestMethods(TestInvoker.java:194)
	at org.testng.internal.invokers.TestMethodWorker.invokeTestMethods(TestMethodWorker.java:148)
	at org.testng.internal.invokers.TestMethodWorker.run(TestMethodWorker.java:128)
	at java.base/java.util.ArrayList.forEach(ArrayList.java:1511)
	at org.testng.TestRunner.privateRun(TestRunner.java:829)
	at org.testng.TestRunner.run(TestRunner.java:602)
	at org.testng.SuiteRunner.runTest(SuiteRunner.java:437)
	at org.testng.SuiteRunner.runSequentially(SuiteRunner.java:431)
	at org.testng.SuiteRunner.privateRun(SuiteRunner.java:391)
	at org.testng.SuiteRunner.run(SuiteRunner.java:330)
	at org.testng.SuiteRunnerWorker.runSuite(SuiteRunnerWorker.java:52)
	at org.testng.SuiteRunnerWorker.run(SuiteRunnerWorker.java:95)
	at org.testng.TestNG.runSuitesSequentially(TestNG.java:1256)
	at org.testng.TestNG.runSuitesLocally(TestNG.java:1176)
	at org.testng.TestNG.runSuites(TestNG.java:1099)
	at org.testng.TestNG.run(TestNG.java:1067)
	at org.apache.maven.surefire.testng.TestNGExecutor.run(TestNGExecutor.java:151)
	at org.apache.maven.surefire.testng.TestNGDirectoryTestSuite.executeMulti(TestNGDirectoryTestSuite.java:192)
	at org.apache.maven.surefire.testng.TestNGDirectoryTestSuite.execute(TestNGDirectoryTestSuite.java:93)
	at org.apache.maven.surefire.testng.TestNGProvider.invoke(TestNGProvider.java:155)
	at org.apache.maven.surefire.booter.ForkedBooter.runSuitesInProcess(ForkedBooter.java:456)
	at org.apache.maven.surefire.booter.ForkedBooter.execute(ForkedBooter.java:169)
	at org.apache.maven.surefire.booter.ForkedBooter.run(ForkedBooter.java:595)
	at org.apache.maven.surefire.booter.ForkedBooter.main(ForkedBooter.java:581)
]]></failure>
    <system-out><![CDATA[Test Success: addContactAndAddToFavorites
Execution ended - Android_Native
key: Android
key1: 192.168.27.101:5555
key2: 4723
Mobile_Application
Execution started Mobile_Application @ Android_Native
Successfully clicked on - Click on allow
632-062-7566
Successfully clicked on - allow button
Successfully clicked on - Skip button
Successfully element enabled: Create Contact button is enabled
Successfully clicked on - Create Contact button
Successfully get text - Create contact
Actual Text - Create contact
Expected Text - Create contact
Create contact  Actual value is equals to Create contact
Successfully Entered text - 632-062-7566
Successfully get text - 632-062-7566
Successfully Entered text - Auto05/18/2023 14:14:25
Successfully get text - Auto05/18/2023 14:14:25
Successfully Entered text - Auto05/18/2023 14:15:06
Successfully clicked on - Mobile
Successfully clicked on - Save
Successfully get text - 632-062-7566
Actual Text - 632-062-7566
Expected Text - 632-062-7566
632-062-7566  Actual value is equals to 632-062-7566
Successfully clicked on - Previous Page
Successfully clicked on - Search Contact
Successfully clicked on - Search Contact
Successfully Entered text - Auto05/18/2023 14:14:25
Successfully clicked on - Contact Deatails
Successfully clicked on - More_Options
Successfully clicked on - Delete
Successfully clicked on - Delete
]]></system-out>
  </testcase>
  <testcase name="addContactAndVerifyContactDetails" classname="com.qm.android.testcases.HomePageTest" time="16.553">
    <system-out><![CDATA[Test Fail: addContactAndDeleteContact
Execution ended - Android_Native
key: Android
key1: 192.168.27.101:5555
key2: 4723
Mobile_Application
Execution started Mobile_Application @ Android_Native
Successfully clicked on - Click on allow
335-731-1068
Successfully clicked on - allow button
Successfully clicked on - Skip button
Successfully element enabled: Create Contact button is enabled
Successfully clicked on - Create Contact button
Successfully get text - Create contact
Actual Text - Create contact
Expected Text - Create contact
Create contact  Actual value is equals to Create contact
Successfully Entered text - 335-731-1068
Successfully get text - 335-731-1068
Successfully Entered text - Auto05/18/2023 14:14:25
Successfully get text - Auto05/18/2023 14:14:25
Successfully clicked on - Mobile
Successfully clicked on - Save
Successfully get text - 335-731-1068
Actual Text - 335-731-1068
Expected Text - 335-731-1068
335-731-1068  Actual value is equals to 335-731-1068
Successfully get text - Auto05/18/2023 14:14:25
Actual Text - Auto05/18/2023 14:14:25
Expected Text - Auto05/18/2023 14:14:25
Auto05/18/2023 14:14:25  Actual value is equals to Auto05/18/2023 14:14:25
]]></system-out>
  </testcase>
  <testcase name="sendSmsToContact" classname="com.qm.android.testcases.HomePageTest" time="74.826">
    <failure message="Expected condition failed: waiting for visibility of element located by By.xpath: //android.widget.LinearLayout[@content-desc=&quot;Send SMS&quot;]/android.widget.LinearLayout/android.widget.LinearLayout/android.widget.ImageView (tried for 30 second(s) with 500 milliseconds interval)&#10;Build info: version: &apos;4.9.1&apos;, revision: &apos;eb2032df7f&apos;&#10;System info: os.name: &apos;Windows 11&apos;, os.arch: &apos;amd64&apos;, os.version: &apos;10.0&apos;, java.version: &apos;17.0.4&apos;&#10;Driver info: io.appium.java_client.android.AndroidDriver&#10;Capabilities {appium:appActivity: com.android.contacts.activi..., appium:appPackage: com.google.android.contacts, appium:automationName: UiAutomator2, appium:databaseEnabled: false, appium:desired: {appActivity: com.android.contacts.activi..., appPackage: com.google.android.contacts, automationName: UiAutomator2, noReset: false, orientation: PORTRAIT, platformName: ANDROID, platformVersion: 10, udid: 192.168.27.101:5555}, appium:deviceApiLevel: 30, appium:deviceManufacturer: Genymobile, appium:deviceModel: Nexus 4, appium:deviceName: 192.168.27.101:5555, appium:deviceScreenDensity: 320, appium:deviceScreenSize: 768x1280, appium:deviceUDID: 192.168.27.101:5555, appium:javascriptEnabled: true, appium:locationContextEnabled: false, appium:networkConnectionEnabled: true, appium:noReset: false, appium:orientation: PORTRAIT, appium:pixelRatio: 2, appium:platformVersion: 11, appium:statBarHeight: 48, appium:takesScreenshot: true, appium:udid: 192.168.27.101:5555, appium:viewportRect: {height: 1136, left: 0, top: 48, width: 768}, appium:warnings: {}, appium:webStorageEnabled: false, platformName: ANDROID}&#10;Session ID: 44db05d9-f8e0-41bb-8eb7-dde9c2d66cd1" type="org.openqa.selenium.TimeoutException"><![CDATA[org.openqa.selenium.TimeoutException: 
Expected condition failed: waiting for visibility of element located by By.xpath: //android.widget.LinearLayout[@content-desc="Send SMS"]/android.widget.LinearLayout/android.widget.LinearLayout/android.widget.ImageView (tried for 30 second(s) with 500 milliseconds interval)
Build info: version: '4.9.1', revision: 'eb2032df7f'
System info: os.name: 'Windows 11', os.arch: 'amd64', os.version: '10.0', java.version: '17.0.4'
Driver info: io.appium.java_client.android.AndroidDriver
Capabilities {appium:appActivity: com.android.contacts.activi..., appium:appPackage: com.google.android.contacts, appium:automationName: UiAutomator2, appium:databaseEnabled: false, appium:desired: {appActivity: com.android.contacts.activi..., appPackage: com.google.android.contacts, automationName: UiAutomator2, noReset: false, orientation: PORTRAIT, platformName: ANDROID, platformVersion: 10, udid: 192.168.27.101:5555}, appium:deviceApiLevel: 30, appium:deviceManufacturer: Genymobile, appium:deviceModel: Nexus 4, appium:deviceName: 192.168.27.101:5555, appium:deviceScreenDensity: 320, appium:deviceScreenSize: 768x1280, appium:deviceUDID: 192.168.27.101:5555, appium:javascriptEnabled: true, appium:locationContextEnabled: false, appium:networkConnectionEnabled: true, appium:noReset: false, appium:orientation: PORTRAIT, appium:pixelRatio: 2, appium:platformVersion: 11, appium:statBarHeight: 48, appium:takesScreenshot: true, appium:udid: 192.168.27.101:5555, appium:viewportRect: {height: 1136, left: 0, top: 48, width: 768}, appium:warnings: {}, appium:webStorageEnabled: false, platformName: ANDROID}
Session ID: 44db05d9-f8e0-41bb-8eb7-dde9c2d66cd1
	at org.openqa.selenium.support.ui.WebDriverWait.timeoutException(WebDriverWait.java:87)
	at org.openqa.selenium.support.ui.FluentWait.until(FluentWait.java:231)
	at com.qm.android.utils.MobileActions.waitForVisible(MobileActions.java:72)
	at com.qm.android.utils.MobileActions.click(MobileActions.java:84)
	at com.qm.android.screens.HomePage.sendSmsToContact(HomePage.java:128)
	at com.qm.android.testcases.HomePageTest.sendSmsToContact(HomePageTest.java:56)
	at java.base/jdk.internal.reflect.NativeMethodAccessorImpl.invoke0(Native Method)
	at java.base/jdk.internal.reflect.NativeMethodAccessorImpl.invoke(NativeMethodAccessorImpl.java:77)
	at java.base/jdk.internal.reflect.DelegatingMethodAccessorImpl.invoke(DelegatingMethodAccessorImpl.java:43)
	at java.base/java.lang.reflect.Method.invoke(Method.java:568)
	at org.testng.internal.invokers.MethodInvocationHelper.invokeMethod(MethodInvocationHelper.java:139)
	at org.testng.internal.invokers.TestInvoker.invokeMethod(TestInvoker.java:677)
	at org.testng.internal.invokers.TestInvoker.invokeTestMethod(TestInvoker.java:221)
	at org.testng.internal.invokers.MethodRunner.runInSequence(MethodRunner.java:50)
	at org.testng.internal.invokers.TestInvoker$MethodInvocationAgent.invoke(TestInvoker.java:969)
	at org.testng.internal.invokers.TestInvoker.invokeTestMethods(TestInvoker.java:194)
	at org.testng.internal.invokers.TestMethodWorker.invokeTestMethods(TestMethodWorker.java:148)
	at org.testng.internal.invokers.TestMethodWorker.run(TestMethodWorker.java:128)
	at java.base/java.util.ArrayList.forEach(ArrayList.java:1511)
	at org.testng.TestRunner.privateRun(TestRunner.java:829)
	at org.testng.TestRunner.run(TestRunner.java:602)
	at org.testng.SuiteRunner.runTest(SuiteRunner.java:437)
	at org.testng.SuiteRunner.runSequentially(SuiteRunner.java:431)
	at org.testng.SuiteRunner.privateRun(SuiteRunner.java:391)
	at org.testng.SuiteRunner.run(SuiteRunner.java:330)
	at org.testng.SuiteRunnerWorker.runSuite(SuiteRunnerWorker.java:52)
	at org.testng.SuiteRunnerWorker.run(SuiteRunnerWorker.java:95)
	at org.testng.TestNG.runSuitesSequentially(TestNG.java:1256)
	at org.testng.TestNG.runSuitesLocally(TestNG.java:1176)
	at org.testng.TestNG.runSuites(TestNG.java:1099)
	at org.testng.TestNG.run(TestNG.java:1067)
	at org.apache.maven.surefire.testng.TestNGExecutor.run(TestNGExecutor.java:151)
	at org.apache.maven.surefire.testng.TestNGDirectoryTestSuite.executeMulti(TestNGDirectoryTestSuite.java:192)
	at org.apache.maven.surefire.testng.TestNGDirectoryTestSuite.execute(TestNGDirectoryTestSuite.java:93)
	at org.apache.maven.surefire.testng.TestNGProvider.invoke(TestNGProvider.java:155)
	at org.apache.maven.surefire.booter.ForkedBooter.runSuitesInProcess(ForkedBooter.java:456)
	at org.apache.maven.surefire.booter.ForkedBooter.execute(ForkedBooter.java:169)
	at org.apache.maven.surefire.booter.ForkedBooter.run(ForkedBooter.java:595)
	at org.apache.maven.surefire.booter.ForkedBooter.main(ForkedBooter.java:581)
]]></failure>
    <system-out><![CDATA[Test Success: addContactAndVerifyContactDetails
Execution ended - Android_Native
key: Android
key1: 192.168.27.101:5555
key2: 4723
Mobile_Application
Execution started Mobile_Application @ Android_Native
Successfully clicked on - Click on allow
515-255-1482
Successfully clicked on - allow button
Successfully clicked on - Skip button
Successfully element enabled: Create Contact button is enabled
Successfully clicked on - Create Contact button
Successfully get text - Create contact
Actual Text - Create contact
Expected Text - Create contact
Create contact  Actual value is equals to Create contact
Successfully Entered text - 515-255-1482
Successfully get text - 515-255-1482
Successfully Entered text - Auto05/18/2023 14:14:25
Successfully get text - Auto05/18/2023 14:14:25
Successfully Entered text - Auto05/18/2023 14:17:03
Successfully clicked on - Mobile
Successfully clicked on - Save
Successfully get text - 515-255-1482
Actual Text - 515-255-1482
Expected Text - 515-255-1482
515-255-1482  Actual value is equals to 515-255-1482
Successfully clicked on - Previous Page
Successfully clicked on - Search Contact
Successfully clicked on - Search Contact
Successfully Entered text - Auto05/18/2023 14:14:25
Successfully clicked on - Contact Deatails
Successfully clicked on - Text_SMS
Successfully Entered text - ***Test Message***
]]></system-out>
  </testcase>
</testsuite>