<?xml version="1.0" encoding="UTF-8"?>
<!-- Generated by org.testng.reporters.JUnitReportReporter -->
<testsuite hostname="MahalakshmiGunni" failures="0" tests="1" name="com.qm.android.testcases.HomePageTest" time="13.732" errors="0" timestamp="2023-04-20T14:53:05 IST" skipped="0">
  <testcase classname="com.qm.android.testcases.HomePageTest" name="homePage" time="13.732"/>
  <system-out/>
</testsuite> <!-- com.qm.android.testcases.HomePageTest -->
